waiting to take filesystem lock on C:\Users\micha\.vcpkg-clion\vcpkg\.vcpkg-root...
Detecting compiler hash for triplet x64-windows...
Compiler found: C:/Program Files/Microsoft Visual Studio/2022/Community/VC/Tools/MSVC/14.30.30705/bin/Hostx64/x64/cl.exe
All requested packages are currently installed.
Total install time: 300 ns
freeglut provides CMake targets:

    find_package(FreeGLUT CONFIG REQUIRED)
    target_link_libraries(main PRIVATE $<IF:$<TARGET_EXISTS:FreeGLUT::freeglut>,FreeGLUT::freeglut,FreeGLUT::freeglut_static>)

freeglut is compatible with built-in CMake targets:

    find_package(GLUT REQUIRED)
    target_link_libraries(main PRIVATE GLUT::GLUT)

glad provides CMake targets:

  # this is heuristically generated, and may not be correct
  find_package(glad CONFIG REQUIRED)
  target_link_libraries(main PRIVATE glad::glad)

glfw3 provides CMake targets:

  # this is heuristically generated, and may not be correct
  find_package(glfw3 CONFIG REQUIRED)
  target_link_libraries(main PRIVATE glfw)

glfw3 provides pkg-config modules:

    # A multi-platform library for OpenGL, window and input
    glfw3

sdl2 provides CMake targets:

    find_package(SDL2 CONFIG REQUIRED)
    target_link_libraries(main
        PRIVATE
        $<TARGET_NAME_IF_EXISTS:SDL2::SDL2main>
        $<IF:$<TARGET_EXISTS:SDL2::SDL2>,SDL2::SDL2,SDL2::SDL2-static>
    )

